[tunatheme.com/tf/html/fiama-preview/fiama/index1da9.html]
[backblue.gif]
[fade.gif]
[index.html]
[tunatheme.com/tf/html/fiama-preview/fiama/img/favicon.png]
[tunatheme.com/tf/html/fiama-preview/fiama/css/font-icons.css]
[tunatheme.com/tf/html/fiama-preview/fiama/css/plugins.css]
[tunatheme.com/tf/html/fiama-preview/fiama/css/responsive.css]
[tunatheme.com/tf/html/fiama-preview/fiama/css/style.css]
[tunatheme.com/tf/html/fiama-preview/fiama/index.html]
[tunatheme.com/tf/html/fiama-preview/fiama/img/logo.png]
[tunatheme.com/tf/html/fiama-preview/fiama/login.html]
[tunatheme.com/tf/html/fiama-preview/fiama/wishlist.html]
[tunatheme.com/tf/html/fiama-preview/fiama/register.html]
[tunatheme.com/tf/html/fiama-preview/fiama/account.html]
[tunatheme.com/tf/html/fiama-preview/fiama/index-2.html]
[tunatheme.com/tf/html/fiama-preview/fiama/index-3.html]
[tunatheme.com/tf/html/fiama-preview/fiama/index-4.html]
[tunatheme.com/tf/html/fiama-preview/fiama/about.html]
[tunatheme.com/tf/html/fiama-preview/fiama/portfolio.html]
[tunatheme.com/tf/html/fiama-preview/fiama/portfolio-2.html]
[tunatheme.com/tf/html/fiama-preview/fiama/portfolio-details.html]
[tunatheme.com/tf/html/fiama-preview/fiama/faq.html]
[tunatheme.com/tf/html/fiama-preview/fiama/locations.html]
[tunatheme.com/tf/html/fiama-preview/fiama/404.html]
[tunatheme.com/tf/html/fiama-preview/fiama/contact.html]
[tunatheme.com/tf/html/fiama-preview/fiama/coming-soon.html]
[tunatheme.com/tf/html/fiama-preview/fiama/shop.html]
[tunatheme.com/tf/html/fiama-preview/fiama/shop-grid.html]
[tunatheme.com/tf/html/fiama-preview/fiama/shop-left-sidebar.html]
[tunatheme.com/tf/html/fiama-preview/fiama/shop-right-sidebar.html]
[tunatheme.com/tf/html/fiama-preview/fiama/product-details.html]
[tunatheme.com/tf/html/fiama-preview/fiama/blog.html]
[tunatheme.com/tf/html/fiama-preview/fiama/blog-grid.html]
[tunatheme.com/tf/html/fiama-preview/fiama/blog-left-sidebar.html]
[tunatheme.com/tf/html/fiama-preview/fiama/blog-right-sidebar.html]
[tunatheme.com/tf/html/fiama-preview/fiama/blog-details.html]
[tunatheme.com/tf/html/fiama-preview/fiama/cart.html]
[tunatheme.com/tf/html/fiama-preview/fiama/checkout.html]
[tunatheme.com/tf/html/fiama-preview/fiama/order-tracking.html]
[tunatheme.com/tf/html/fiama-preview/fiama/img/product/1.png]
[tunatheme.com/tf/html/fiama-preview/fiama/img/product/2.png]
[tunatheme.com/tf/html/fiama-preview/fiama/img/product/3.png]
[tunatheme.com/tf/html/fiama-preview/fiama/img/product/4.png]
[tunatheme.com/tf/html/fiama-preview/fiama/img/slider/1.jpg]
[tunatheme.com/tf/html/fiama-preview/fiama/service.html]
[tunatheme.com/tf/html/fiama-preview/fiama/img/slider/3.jpg]
[tunatheme.com/tf/html/fiama-preview/fiama/img/icons/svg/8-trolley.svg]
[tunatheme.com/tf/html/fiama-preview/fiama/img/icons/svg/9-money.svg]
[tunatheme.com/tf/html/fiama-preview/fiama/img/icons/svg/10-credit-card.svg]
[tunatheme.com/tf/html/fiama-preview/fiama/img/icons/svg/11-gift-card.svg]
[tunatheme.com/tf/html/fiama-preview/fiama/img/banner/1.jpg]
[tunatheme.com/tf/html/fiama-preview/fiama/img/banner/2.jpg]
[tunatheme.com/tf/html/fiama-preview/fiama/img/banner/3.jpg]
[tunatheme.com/tf/html/fiama-preview/fiama/img/product/5.png]
[tunatheme.com/tf/html/fiama-preview/fiama/img/product/6.png]
[tunatheme.com/tf/html/fiama-preview/fiama/img/product/7.png]
[tunatheme.com/tf/html/fiama-preview/fiama/img/product/8.png]
[tunatheme.com/tf/html/fiama-preview/fiama/img/banner/6.jpg]
[tunatheme.com/tf/html/fiama-preview/fiama/img/banner/7.jpg]
[tunatheme.com/tf/html/fiama-preview/fiama/img/banner/10.jpg]
[tunatheme.com/tf/html/fiama-preview/fiama/img/blog/1.jpg]
[tunatheme.com/tf/html/fiama-preview/fiama/img/blog/2.jpg]
[tunatheme.com/tf/html/fiama-preview/fiama/img/blog/3.jpg]
[tunatheme.com/tf/html/fiama-preview/fiama/img/blog/4.jpg]
[tunatheme.com/tf/html/fiama-preview/fiama/img/blog/5.jpg]
[tunatheme.com/tf/html/fiama-preview/fiama/img/brand-logo/1.png]
[tunatheme.com/tf/html/fiama-preview/fiama/img/brand-logo/2.png]
[tunatheme.com/tf/html/fiama-preview/fiama/img/brand-logo/3.png]
[tunatheme.com/tf/html/fiama-preview/fiama/img/brand-logo/4.png]
[tunatheme.com/tf/html/fiama-preview/fiama/img/brand-logo/5.png]
[tunatheme.com/tf/html/fiama-preview/fiama/img/icons/payment-6.png]
[tunatheme.com/tf/html/fiama-preview/fiama/img/icons/payment-2.png]
[tunatheme.com/tf/html/fiama-preview/fiama/img/icons/payment.png]
[tunatheme.com/tf/html/fiama-preview/fiama/js/main.js]
[tunatheme.com/tf/html/fiama-preview/fiama/index1da9.html]
[tunatheme.com/tf/html/fiama-preview/fiama/js/plugins.js]
[tunatheme.com/tf/html/fiama-preview/fiama/webfonts/fa-brands-400d41d.eot]
[tunatheme.com/tf/html/fiama-preview/fiama/webfonts/fa-brands-400.eot]
[tunatheme.com/tf/html/fiama-preview/fiama/webfonts/fa-brands-400.woff2]
[tunatheme.com/tf/html/fiama-preview/fiama/webfonts/fa-brands-400.woff]
[tunatheme.com/tf/html/fiama-preview/fiama/webfonts/fa-brands-400.ttf]
[tunatheme.com/tf/html/fiama-preview/fiama/webfonts/fa-brands-400.svg]
[tunatheme.com/tf/html/fiama-preview/fiama/webfonts/fa-regular-400.eot]
[tunatheme.com/tf/html/fiama-preview/fiama/webfonts/fa-regular-400d41d.eot]
[tunatheme.com/tf/html/fiama-preview/fiama/webfonts/fa-regular-400.woff2]
[tunatheme.com/tf/html/fiama-preview/fiama/webfonts/fa-regular-400.woff]
[tunatheme.com/tf/html/fiama-preview/fiama/webfonts/fa-regular-400.ttf]
[tunatheme.com/tf/html/fiama-preview/fiama/webfonts/fa-regular-400.svg]
[tunatheme.com/tf/html/fiama-preview/fiama/webfonts/fa-solid-900.eot]
[tunatheme.com/tf/html/fiama-preview/fiama/webfonts/fa-solid-900d41d.eot]
[tunatheme.com/tf/html/fiama-preview/fiama/webfonts/fa-solid-900.woff2]
[tunatheme.com/tf/html/fiama-preview/fiama/webfonts/fa-solid-900.woff]
[tunatheme.com/tf/html/fiama-preview/fiama/webfonts/fa-solid-900.ttf]
[tunatheme.com/tf/html/fiama-preview/fiama/fonts/Simple-Line-Iconsb26c.eot]
[tunatheme.com/tf/html/fiama-preview/fiama/webfonts/fa-solid-900.svg]
[tunatheme.com/tf/html/fiama-preview/fiama/fonts/Simple-Line-Iconsb26c.woff2]
[tunatheme.com/tf/html/fiama-preview/fiama/fonts/Simple-Line-Iconsb26c.ttf]
[tunatheme.com/tf/html/fiama-preview/fiama/fonts/Simple-Line-Iconsb26c.woff]
[tunatheme.com/tf/html/fiama-preview/fiama/css/font-icons.css]
[tunatheme.com/tf/html/fiama-preview/fiama/fonts/Simple-Line-Iconsb26c.svg]
[tunatheme.com/tf/html/fiama-preview/fiama/fonts/lightcaseeead.eot]
[tunatheme.com/tf/html/fiama-preview/fiama/fonts/lightcaseeead.woff]
[tunatheme.com/tf/html/fiama-preview/fiama/fonts/lightcaseeead.ttf]
[tunatheme.com/tf/html/fiama-preview/fiama/fonts/lightcaseeead.svg]
[tunatheme.com/tf/html/fiama-preview/fiama/css/images/ui-bg_inset-hard_100_fcfdfd_1x100.png]
[tunatheme.com/tf/html/fiama-preview/fiama/css/images/ui-bg_gloss-wave_55_5c9ccc_500x100.png]
[tunatheme.com/tf/html/fiama-preview/fiama/css/images/ui-bg_glass_85_dfeffc_1x400.png]
[tunatheme.com/tf/html/fiama-preview/fiama/css/images/ui-bg_glass_75_d0e5f5_1x400.png]
[tunatheme.com/tf/html/fiama-preview/fiama/css/images/ui-bg_inset-hard_100_f5f8f9_1x100.png]
[tunatheme.com/tf/html/fiama-preview/fiama/css/images/ui-bg_glass_95_fef1ec_1x400.png]
[tunatheme.com/tf/html/fiama-preview/fiama/css/images/ui-icons_469bdd_256x240.png]
[tunatheme.com/tf/html/fiama-preview/fiama/css/images/ui-icons_d8e7f3_256x240.png]
[tunatheme.com/tf/html/fiama-preview/fiama/css/images/ui-icons_6da8d5_256x240.png]
[tunatheme.com/tf/html/fiama-preview/fiama/css/images/ui-icons_217bc0_256x240.png]
[tunatheme.com/tf/html/fiama-preview/fiama/css/images/ui-icons_f9bd01_256x240.png]
[tunatheme.com/tf/html/fiama-preview/fiama/css/images/ui-icons_2e83ff_256x240.png]
[tunatheme.com/tf/html/fiama-preview/fiama/css/images/ui-icons_cd0a0a_256x240.png]
[tunatheme.com/tf/html/fiama-preview/fiama/css/plugins.css]
[tunatheme.com/tf/html/fiama-preview/fiama/img/effect/1.png]
[tunatheme.com/tf/html/fiama-preview/fiama/img/effect/2.png]
[tunatheme.com/tf/html/fiama-preview/fiama/img/effect/3.png]
[tunatheme.com/tf/html/fiama-preview/fiama/img/effect/4.png]
[tunatheme.com/tf/html/fiama-preview/fiama/img/effect/5.png]
[tunatheme.com/tf/html/fiama-preview/fiama/img/effect/6.png]
[tunatheme.com/tf/html/fiama-preview/fiama/img/slider/2.jpg]
[tunatheme.com/tf/html/fiama-preview/fiama/img/icons/car.png]
[tunatheme.com/tf/html/fiama-preview/fiama/css/style.css]
[tunatheme.com/tf/html/fiama-preview/fiama/css/responsive.css]
[tunatheme.com/tf/html/fiama-preview/fiama/index.html]
[tunatheme.com/tf/html/fiama-preview/fiama/login.html]
[tunatheme.com/tf/html/fiama-preview/fiama/wishlist.html]
[tunatheme.com/tf/html/fiama-preview/fiama/register.html]
[tunatheme.com/tf/html/fiama-preview/fiama/login-register.html]
[tunatheme.com/tf/html/fiama-preview/fiama/account.html]
[tunatheme.com/tf/html/fiama-preview/fiama/img/banner/4.jpg]
[tunatheme.com/tf/html/fiama-preview/fiama/img/banner/5.jpg]
[tunatheme.com/tf/html/fiama-preview/fiama/img/product/9.png]
[tunatheme.com/tf/html/fiama-preview/fiama/img/banner/8.jpg]
[tunatheme.com/tf/html/fiama-preview/fiama/img/banner/9.jpg]
[tunatheme.com/tf/html/fiama-preview/fiama/img/product/10.png]
[tunatheme.com/tf/html/fiama-preview/fiama/img/product/12.png]
[tunatheme.com/tf/html/fiama-preview/fiama/index-2.html]
[tunatheme.com/tf/html/fiama-preview/fiama/img/slider/11.jpg]
[tunatheme.com/tf/html/fiama-preview/fiama/img/bg/2.jpg]
[tunatheme.com/tf/html/fiama-preview/fiama/img/bg/3.png]
[tunatheme.com/tf/html/fiama-preview/fiama/img/team/1.jpg]
[tunatheme.com/tf/html/fiama-preview/fiama/img/team/2.jpg]
[tunatheme.com/tf/html/fiama-preview/fiama/img/team/3.jpg]
[tunatheme.com/tf/html/fiama-preview/fiama/img/team/4.jpg]
[tunatheme.com/tf/html/fiama-preview/fiama/img/bg/3.jpg]
[tunatheme.com/tf/html/fiama-preview/fiama/index-3.html]
[tunatheme.com/tf/html/fiama-preview/fiama/img/logo-2.png]
[tunatheme.com/tf/html/fiama-preview/fiama/media/1.mp4]
[tunatheme.com/tf/html/fiama-preview/fiama/img/slider/41.jpg]
[tunatheme.com/tf/html/fiama-preview/fiama/index-4.html]
[tunatheme.com/tf/html/fiama-preview/fiama/img/team/11.jpg]
[tunatheme.com/tf/html/fiama-preview/fiama/img/team/12.jpg]
[tunatheme.com/tf/html/fiama-preview/fiama/img/team/13.jpg]
[tunatheme.com/tf/html/fiama-preview/fiama/img/team/14.jpg]
[tunatheme.com/tf/html/fiama-preview/fiama/about.html]
[tunatheme.com/tf/html/fiama-preview/fiama/img/product/no-image.png]
[tunatheme.com/tf/html/fiama-preview/fiama/portfolio.html]
[tunatheme.com/tf/html/fiama-preview/fiama/portfolio-2.html]
[tunatheme.com/tf/html/fiama-preview/fiama/img/testimonial/1.jpg]
[tunatheme.com/tf/html/fiama-preview/fiama/img/testimonial/2.jpg]
[tunatheme.com/tf/html/fiama-preview/fiama/img/blog/6.jpg]
[tunatheme.com/tf/html/fiama-preview/fiama/img/blog/8.jpg]
[tunatheme.com/tf/html/fiama-preview/fiama/portfolio-details.html]
[tunatheme.com/tf/html/fiama-preview/fiama/img/small/1.jpg]
[tunatheme.com/tf/html/fiama-preview/fiama/faq.html]
[tunatheme.com/tf/html/fiama-preview/fiama/appointment.html]
[tunatheme.com/tf/html/fiama-preview/fiama/js/maplace-active.js]
[tunatheme.com/tf/html/fiama-preview/fiama/locations.html]
[tunatheme.com/tf/html/fiama-preview/fiama/404.html]
[tunatheme.com/tf/html/fiama-preview/fiama/js/contact.js]
[tunatheme.com/tf/html/fiama-preview/fiama/contact.html]
[tunatheme.com/tf/html/fiama-preview/fiama/coming-soon.html]
[tunatheme.com/tf/html/fiama-preview/fiama/shop.html]
[tunatheme.com/tf/html/fiama-preview/fiama/shop-grid.html]
[tunatheme.com/tf/html/fiama-preview/fiama/shop-left-sidebar.html]
[tunatheme.com/tf/html/fiama-preview/fiama/shop-right-sidebar.html]
[tunatheme.com/tf/html/fiama-preview/fiama/img/testimonial/3.jpg]
[tunatheme.com/tf/html/fiama-preview/fiama/img/testimonial/4.jpg]
[tunatheme.com/tf/html/fiama-preview/fiama/product-details.html]
[tunatheme.com/tf/html/fiama-preview/fiama/img/blog/7.jpg]
[tunatheme.com/tf/html/fiama-preview/fiama/img/blog/9.jpg]
[tunatheme.com/tf/html/fiama-preview/fiama/img/blog/author-2.jpg]
[tunatheme.com/tf/html/fiama-preview/fiama/img/small/3.jpg]
[tunatheme.com/tf/html/fiama-preview/fiama/img/small/2.jpg]
[tunatheme.com/tf/html/fiama-preview/fiama/img/small/4.jpg]
[tunatheme.com/tf/html/fiama-preview/fiama/blog.html]
[tunatheme.com/tf/html/fiama-preview/fiama/blog-grid.html]
[tunatheme.com/tf/html/fiama-preview/fiama/blog-left-sidebar.html]
[tunatheme.com/tf/html/fiama-preview/fiama/blog-right-sidebar.html]
[tunatheme.com/tf/html/fiama-preview/fiama/img/blog/blog-details/1.jpg]
[tunatheme.com/tf/html/fiama-preview/fiama/img/blog/blog-details/2.jpg]
[tunatheme.com/tf/html/fiama-preview/fiama/img/blog/blog-details/11.jpg]
[tunatheme.com/tf/html/fiama-preview/fiama/img/blog/author.jpg]
[tunatheme.com/tf/html/fiama-preview/fiama/blog-details.html]
[tunatheme.com/tf/html/fiama-preview/fiama/cart.html]
[tunatheme.com/tf/html/fiama-preview/fiama/img/icons/payment-3.png]
[tunatheme.com/tf/html/fiama-preview/fiama/checkout.html]
[tunatheme.com/tf/html/fiama-preview/fiama/order-tracking.html]
[tunatheme.com/tf/html/fiama-preview/fiama/service.html]
[tunatheme.com/tf/html/fiama-preview/fiama/img/icons/svg/8-trolley.svg]
[tunatheme.com/tf/html/fiama-preview/fiama/img/icons/svg/9-money.svg]
[tunatheme.com/tf/html/fiama-preview/fiama/img/icons/svg/10-credit-card.svg]
[tunatheme.com/tf/html/fiama-preview/fiama/img/icons/svg/11-gift-card.svg]
[tunatheme.com/tf/html/fiama-preview/fiama/webfonts/fa-brands-400.svg]
[tunatheme.com/tf/html/fiama-preview/fiama/webfonts/fa-regular-400.svg]
[tunatheme.com/tf/html/fiama-preview/fiama/webfonts/fa-solid-900.svg]
[tunatheme.com/tf/html/fiama-preview/fiama/fonts/Simple-Line-Iconsb26c.svg]
[tunatheme.com/tf/html/fiama-preview/fiama/fonts/lightcaseeead.svg]
[tunatheme.com/tf/html/fiama-preview/fiama/css/images/ui-bg_inset-hard_100_fcfdfd_1x100.html]
[tunatheme.com/tf/html/fiama-preview/fiama/css/images/ui-bg_gloss-wave_55_5c9ccc_500x100.html]
[tunatheme.com/tf/html/fiama-preview/fiama/css/images/ui-bg_glass_85_dfeffc_1x400.html]
[tunatheme.com/tf/html/fiama-preview/fiama/css/images/ui-bg_glass_75_d0e5f5_1x400.html]
[tunatheme.com/tf/html/fiama-preview/fiama/css/images/ui-bg_inset-hard_100_f5f8f9_1x100.html]
[tunatheme.com/tf/html/fiama-preview/fiama/css/images/ui-bg_glass_95_fef1ec_1x400.html]
[tunatheme.com/tf/html/fiama-preview/fiama/css/images/ui-icons_469bdd_256x240.html]
[tunatheme.com/tf/html/fiama-preview/fiama/css/images/ui-icons_d8e7f3_256x240.html]
[tunatheme.com/tf/html/fiama-preview/fiama/css/images/ui-icons_6da8d5_256x240.html]
[tunatheme.com/tf/html/fiama-preview/fiama/css/images/ui-icons_217bc0_256x240.html]
[tunatheme.com/tf/html/fiama-preview/fiama/css/images/ui-icons_f9bd01_256x240.html]
[tunatheme.com/tf/html/fiama-preview/fiama/css/images/ui-icons_2e83ff_256x240.html]
[tunatheme.com/tf/html/fiama-preview/fiama/css/images/ui-icons_cd0a0a_256x240.html]
[tunatheme.com/tf/html/fiama-preview/fiama/img/effect/1.html]
[tunatheme.com/tf/html/fiama-preview/fiama/img/effect/2.html]
[tunatheme.com/tf/html/fiama-preview/fiama/img/effect/3.html]
[tunatheme.com/tf/html/fiama-preview/fiama/img/effect/4.html]
[tunatheme.com/tf/html/fiama-preview/fiama/img/effect/5.html]
[tunatheme.com/tf/html/fiama-preview/fiama/img/effect/6.html]
[tunatheme.com/tf/html/fiama-preview/fiama/img/slider/2.html]
[tunatheme.com/tf/html/fiama-preview/fiama/login-register.html]
[tunatheme.com/tf/html/fiama-preview/fiama/img/slider/41.html]
[tunatheme.com/tf/html/fiama-preview/fiama/img/product/no-image.html]
[tunatheme.com/tf/html/fiama-preview/fiama/appointment.html]
